[29-May-2020 10:51:15 UTC] PHP Notice:  Trying to get property 'name' of non-object in /var/www/html/sites-wordpress/recipes-app-bot/content/themes/recipes/inc/theme-template-tags.php on line 89
[29-May-2020 10:51:15 UTC] PHP Recoverable fatal error:  Object of class WP_Error could not be converted to string in /var/www/html/sites-wordpress/recipes-app-bot/content/themes/recipes/inc/theme-template-tags.php on line 88
[29-May-2020 10:51:24 UTC] PHP Notice:  Trying to get property 'name' of non-object in /var/www/html/sites-wordpress/recipes-app-bot/content/themes/recipes/inc/theme-template-tags.php on line 89
[29-May-2020 10:51:24 UTC] PHP Recoverable fatal error:  Object of class WP_Error could not be converted to string in /var/www/html/sites-wordpress/recipes-app-bot/content/themes/recipes/inc/theme-template-tags.php on line 88
[29-May-2020 10:51:29 UTC] PHP Notice:  Trying to get property 'name' of non-object in /var/www/html/sites-wordpress/recipes-app-bot/content/themes/recipes/inc/theme-template-tags.php on line 89
[29-May-2020 10:51:29 UTC] PHP Recoverable fatal error:  Object of class WP_Error could not be converted to string in /var/www/html/sites-wordpress/recipes-app-bot/content/themes/recipes/inc/theme-template-tags.php on line 88
[29-May-2020 10:51:34 UTC] PHP Notice:  Trying to get property 'name' of non-object in /var/www/html/sites-wordpress/recipes-app-bot/content/themes/recipes/inc/theme-template-tags.php on line 89
[29-May-2020 10:51:34 UTC] PHP Recoverable fatal error:  Object of class WP_Error could not be converted to string in /var/www/html/sites-wordpress/recipes-app-bot/content/themes/recipes/inc/theme-template-tags.php on line 88
[29-May-2020 11:58:03 UTC] PHP Parse error:  syntax error, unexpected '}' in /var/www/html/sites-wordpress/recipes-app-bot/content/plugins/recettes-de-bot.php/inc/role.php on line 56
[29-May-2020 11:58:05 UTC] PHP Parse error:  syntax error, unexpected '}' in /var/www/html/sites-wordpress/recipes-app-bot/content/plugins/recettes-de-bot.php/inc/role.php on line 56
[29-May-2020 11:58:29 UTC] PHP Fatal error:  Uncaught Error: Call to undefined method RecipesRole::addRole() in /var/www/html/sites-wordpress/recipes-app-bot/content/plugins/recettes-de-bot.php/inc/role.php:54
Stack trace:
#0 /var/www/html/sites-wordpress/recipes-app-bot/wp/wp-includes/class-wp-hook.php(287): RecipesRole->role_activate(false)
#1 /var/www/html/sites-wordpress/recipes-app-bot/wp/wp-includes/class-wp-hook.php(311): WP_Hook->apply_filters(NULL, Array)
#2 /var/www/html/sites-wordpress/recipes-app-bot/wp/wp-includes/plugin.php(478): WP_Hook->do_action(Array)
#3 /var/www/html/sites-wordpress/recipes-app-bot/wp/wp-admin/includes/plugin.php(690): do_action('activate_recett...', false)
#4 /var/www/html/sites-wordpress/recipes-app-bot/wp/wp-admin/plugins.php(44): activate_plugin('recettes-de-bot...', 'http://localhos...', false)
#5 {main}
  thrown in /var/www/html/sites-wordpress/recipes-app-bot/content/plugins/recettes-de-bot.php/inc/role.php on line 54
[29-May-2020 11:58:30 UTC] PHP Fatal error:  Uncaught Error: Call to undefined method RecipesRole::addRole() in /var/www/html/sites-wordpress/recipes-app-bot/content/plugins/recettes-de-bot.php/inc/role.php:54
Stack trace:
#0 /var/www/html/sites-wordpress/recipes-app-bot/wp/wp-includes/class-wp-hook.php(287): RecipesRole->role_activate('')
#1 /var/www/html/sites-wordpress/recipes-app-bot/wp/wp-includes/class-wp-hook.php(311): WP_Hook->apply_filters(NULL, Array)
#2 /var/www/html/sites-wordpress/recipes-app-bot/wp/wp-includes/plugin.php(478): WP_Hook->do_action(Array)
#3 /var/www/html/sites-wordpress/recipes-app-bot/wp/wp-admin/plugins.php(179): do_action('activate_recett...')
#4 {main}
  thrown in /var/www/html/sites-wordpress/recipes-app-bot/content/plugins/recettes-de-bot.php/inc/role.php on line 54
[29-May-2020 11:58:30 UTC] PHP Fatal error:  Uncaught Error: Call to undefined method RecipesRole::addRole() in /var/www/html/sites-wordpress/recipes-app-bot/content/plugins/recettes-de-bot.php/inc/role.php:54
Stack trace:
#0 /var/www/html/sites-wordpress/recipes-app-bot/wp/wp-includes/class-wp-hook.php(287): RecipesRole->role_activate('')
#1 /var/www/html/sites-wordpress/recipes-app-bot/wp/wp-includes/class-wp-hook.php(311): WP_Hook->apply_filters(NULL, Array)
#2 /var/www/html/sites-wordpress/recipes-app-bot/wp/wp-includes/plugin.php(478): WP_Hook->do_action(Array)
#3 /var/www/html/sites-wordpress/recipes-app-bot/wp/wp-admin/plugins.php(179): do_action('activate_recett...')
#4 {main}
  thrown in /var/www/html/sites-wordpress/recipes-app-bot/content/plugins/recettes-de-bot.php/inc/role.php on line 54
[29-May-2020 11:58:59 UTC] PHP Fatal error:  Uncaught Error: Call to undefined method RecipesRole::addRole() in /var/www/html/sites-wordpress/recipes-app-bot/content/plugins/recettes-de-bot.php/inc/role.php:54
Stack trace:
#0 /var/www/html/sites-wordpress/recipes-app-bot/wp/wp-includes/class-wp-hook.php(287): RecipesRole->role_activate(false)
#1 /var/www/html/sites-wordpress/recipes-app-bot/wp/wp-includes/class-wp-hook.php(311): WP_Hook->apply_filters(NULL, Array)
#2 /var/www/html/sites-wordpress/recipes-app-bot/wp/wp-includes/plugin.php(478): WP_Hook->do_action(Array)
#3 /var/www/html/sites-wordpress/recipes-app-bot/wp/wp-admin/includes/plugin.php(690): do_action('activate_recett...', false)
#4 /var/www/html/sites-wordpress/recipes-app-bot/wp/wp-admin/plugins.php(44): activate_plugin('recettes-de-bot...', 'http://localhos...', false)
#5 {main}
  thrown in /var/www/html/sites-wordpress/recipes-app-bot/content/plugins/recettes-de-bot.php/inc/role.php on line 54
[29-May-2020 11:58:59 UTC] PHP Fatal error:  Uncaught Error: Call to undefined method RecipesRole::addRole() in /var/www/html/sites-wordpress/recipes-app-bot/content/plugins/recettes-de-bot.php/inc/role.php:54
Stack trace:
#0 /var/www/html/sites-wordpress/recipes-app-bot/wp/wp-includes/class-wp-hook.php(287): RecipesRole->role_activate('')
#1 /var/www/html/sites-wordpress/recipes-app-bot/wp/wp-includes/class-wp-hook.php(311): WP_Hook->apply_filters(NULL, Array)
#2 /var/www/html/sites-wordpress/recipes-app-bot/wp/wp-includes/plugin.php(478): WP_Hook->do_action(Array)
#3 /var/www/html/sites-wordpress/recipes-app-bot/wp/wp-admin/plugins.php(179): do_action('activate_recett...')
#4 {main}
  thrown in /var/www/html/sites-wordpress/recipes-app-bot/content/plugins/recettes-de-bot.php/inc/role.php on line 54
[29-May-2020 11:58:59 UTC] PHP Fatal error:  Uncaught Error: Call to undefined method RecipesRole::addRole() in /var/www/html/sites-wordpress/recipes-app-bot/content/plugins/recettes-de-bot.php/inc/role.php:54
Stack trace:
#0 /var/www/html/sites-wordpress/recipes-app-bot/wp/wp-includes/class-wp-hook.php(287): RecipesRole->role_activate('')
#1 /var/www/html/sites-wordpress/recipes-app-bot/wp/wp-includes/class-wp-hook.php(311): WP_Hook->apply_filters(NULL, Array)
#2 /var/www/html/sites-wordpress/recipes-app-bot/wp/wp-includes/plugin.php(478): WP_Hook->do_action(Array)
#3 /var/www/html/sites-wordpress/recipes-app-bot/wp/wp-admin/plugins.php(179): do_action('activate_recett...')
#4 {main}
  thrown in /var/www/html/sites-wordpress/recipes-app-bot/content/plugins/recettes-de-bot.php/inc/role.php on line 54
[29-May-2020 11:59:10 UTC] PHP Fatal error:  Uncaught Error: Call to undefined method RecipesRole::addRole() in /var/www/html/sites-wordpress/recipes-app-bot/content/plugins/recettes-de-bot.php/inc/role.php:54
Stack trace:
#0 /var/www/html/sites-wordpress/recipes-app-bot/wp/wp-includes/class-wp-hook.php(287): RecipesRole->role_activate(false)
#1 /var/www/html/sites-wordpress/recipes-app-bot/wp/wp-includes/class-wp-hook.php(311): WP_Hook->apply_filters(NULL, Array)
#2 /var/www/html/sites-wordpress/recipes-app-bot/wp/wp-includes/plugin.php(478): WP_Hook->do_action(Array)
#3 /var/www/html/sites-wordpress/recipes-app-bot/wp/wp-admin/includes/plugin.php(690): do_action('activate_recett...', false)
#4 /var/www/html/sites-wordpress/recipes-app-bot/wp/wp-admin/plugins.php(44): activate_plugin('recettes-de-bot...', 'http://localhos...', false)
#5 {main}
  thrown in /var/www/html/sites-wordpress/recipes-app-bot/content/plugins/recettes-de-bot.php/inc/role.php on line 54
[29-May-2020 11:59:11 UTC] PHP Fatal error:  Uncaught Error: Call to undefined method RecipesRole::addRole() in /var/www/html/sites-wordpress/recipes-app-bot/content/plugins/recettes-de-bot.php/inc/role.php:54
Stack trace:
#0 /var/www/html/sites-wordpress/recipes-app-bot/wp/wp-includes/class-wp-hook.php(287): RecipesRole->role_activate('')
#1 /var/www/html/sites-wordpress/recipes-app-bot/wp/wp-includes/class-wp-hook.php(311): WP_Hook->apply_filters(NULL, Array)
#2 /var/www/html/sites-wordpress/recipes-app-bot/wp/wp-includes/plugin.php(478): WP_Hook->do_action(Array)
#3 /var/www/html/sites-wordpress/recipes-app-bot/wp/wp-admin/plugins.php(179): do_action('activate_recett...')
#4 {main}
  thrown in /var/www/html/sites-wordpress/recipes-app-bot/content/plugins/recettes-de-bot.php/inc/role.php on line 54
[29-May-2020 11:59:11 UTC] PHP Fatal error:  Uncaught Error: Call to undefined method RecipesRole::addRole() in /var/www/html/sites-wordpress/recipes-app-bot/content/plugins/recettes-de-bot.php/inc/role.php:54
Stack trace:
#0 /var/www/html/sites-wordpress/recipes-app-bot/wp/wp-includes/class-wp-hook.php(287): RecipesRole->role_activate('')
#1 /var/www/html/sites-wordpress/recipes-app-bot/wp/wp-includes/class-wp-hook.php(311): WP_Hook->apply_filters(NULL, Array)
#2 /var/www/html/sites-wordpress/recipes-app-bot/wp/wp-includes/plugin.php(478): WP_Hook->do_action(Array)
#3 /var/www/html/sites-wordpress/recipes-app-bot/wp/wp-admin/plugins.php(179): do_action('activate_recett...')
#4 {main}
  thrown in /var/www/html/sites-wordpress/recipes-app-bot/content/plugins/recettes-de-bot.php/inc/role.php on line 54
[29-May-2020 12:32:10 UTC] PHP Fatal error:  Uncaught Error: Call to undefined function get_post_ID() in /var/www/html/sites-wordpress/recipes-app-bot/content/themes/recipes/template-parts/article/article-full.php:32
Stack trace:
#0 /var/www/html/sites-wordpress/recipes-app-bot/wp/wp-includes/template.php(725): require()
#1 /var/www/html/sites-wordpress/recipes-app-bot/wp/wp-includes/template.php(672): load_template('/var/www/html/s...', false)
#2 /var/www/html/sites-wordpress/recipes-app-bot/wp/wp-includes/general-template.php(168): locate_template(Array, true, false)
#3 /var/www/html/sites-wordpress/recipes-app-bot/content/themes/recipes/single-recettes.php(17): get_template_part('template-parts/...', 'full')
#4 /var/www/html/sites-wordpress/recipes-app-bot/wp/wp-includes/template-loader.php(106): include('/var/www/html/s...')
#5 /var/www/html/sites-wordpress/recipes-app-bot/wp/wp-blog-header.php(19): require_once('/var/www/html/s...')
#6 /var/www/html/sites-wordpress/recipes-app-bot/index.php(17): require('/var/www/html/s...')
#7 {main}
  thrown in /var/www/html/sites-wordpress/recipes-app-bot/content/themes/recipes/template-parts/article/article-full.php on line 32
[29-May-2020 12:32:47 UTC] PHP Fatal error:  Uncaught Error: Call to undefined function get_post_ID() in /var/www/html/sites-wordpress/recipes-app-bot/content/themes/recipes/template-parts/article/article-full.php:32
Stack trace:
#0 /var/www/html/sites-wordpress/recipes-app-bot/wp/wp-includes/template.php(725): require()
#1 /var/www/html/sites-wordpress/recipes-app-bot/wp/wp-includes/template.php(672): load_template('/var/www/html/s...', false)
#2 /var/www/html/sites-wordpress/recipes-app-bot/wp/wp-includes/general-template.php(168): locate_template(Array, true, false)
#3 /var/www/html/sites-wordpress/recipes-app-bot/content/themes/recipes/single-recettes.php(17): get_template_part('template-parts/...', 'full')
#4 /var/www/html/sites-wordpress/recipes-app-bot/wp/wp-includes/template-loader.php(106): include('/var/www/html/s...')
#5 /var/www/html/sites-wordpress/recipes-app-bot/wp/wp-blog-header.php(19): require_once('/var/www/html/s...')
#6 /var/www/html/sites-wordpress/recipes-app-bot/index.php(17): require('/var/www/html/s...')
#7 {main}
  thrown in /var/www/html/sites-wordpress/recipes-app-bot/content/themes/recipes/template-parts/article/article-full.php on line 32
[29-May-2020 12:33:36 UTC] PHP Fatal error:  Uncaught Error: Call to undefined function get_post_ID() in /var/www/html/sites-wordpress/recipes-app-bot/content/themes/recipes/template-parts/article/article-full.php:32
Stack trace:
#0 /var/www/html/sites-wordpress/recipes-app-bot/wp/wp-includes/template.php(725): require()
#1 /var/www/html/sites-wordpress/recipes-app-bot/wp/wp-includes/template.php(672): load_template('/var/www/html/s...', false)
#2 /var/www/html/sites-wordpress/recipes-app-bot/wp/wp-includes/general-template.php(168): locate_template(Array, true, false)
#3 /var/www/html/sites-wordpress/recipes-app-bot/content/themes/recipes/single-recettes.php(17): get_template_part('template-parts/...', 'full')
#4 /var/www/html/sites-wordpress/recipes-app-bot/wp/wp-includes/template-loader.php(106): include('/var/www/html/s...')
#5 /var/www/html/sites-wordpress/recipes-app-bot/wp/wp-blog-header.php(19): require_once('/var/www/html/s...')
#6 /var/www/html/sites-wordpress/recipes-app-bot/index.php(17): require('/var/www/html/s...')
#7 {main}
  thrown in /var/www/html/sites-wordpress/recipes-app-bot/content/themes/recipes/template-parts/article/article-full.php on line 32
[29-May-2020 12:37:11 UTC] PHP Fatal error:  Uncaught Error: Call to undefined function get_post_ID() in /var/www/html/sites-wordpress/recipes-app-bot/content/themes/recipes/template-parts/article/article-full.php:33
Stack trace:
#0 /var/www/html/sites-wordpress/recipes-app-bot/wp/wp-includes/template.php(725): require()
#1 /var/www/html/sites-wordpress/recipes-app-bot/wp/wp-includes/template.php(672): load_template('/var/www/html/s...', false)
#2 /var/www/html/sites-wordpress/recipes-app-bot/wp/wp-includes/general-template.php(168): locate_template(Array, true, false)
#3 /var/www/html/sites-wordpress/recipes-app-bot/content/themes/recipes/single-recettes.php(17): get_template_part('template-parts/...', 'full')
#4 /var/www/html/sites-wordpress/recipes-app-bot/wp/wp-includes/template-loader.php(106): include('/var/www/html/s...')
#5 /var/www/html/sites-wordpress/recipes-app-bot/wp/wp-blog-header.php(19): require_once('/var/www/html/s...')
#6 /var/www/html/sites-wordpress/recipes-app-bot/index.php(17): require('/var/www/html/s...')
#7 {main}
  thrown in /var/www/html/sites-wordpress/recipes-app-bot/content/themes/recipes/template-parts/article/article-full.php on line 33
